2021-06-03 16:35:04,906 p=570468 u=wgercken n=ansible | PLAY [all] ********************************************************************************************************************************************************************************************
2021-06-03 16:35:04,921 p=570468 u=wgercken n=ansible | TASK [Gathering Facts] ********************************************************************************************************************************************************************************
2021-06-03 16:35:07,745 p=570468 u=wgercken n=ansible | ok: [cl1-compute1.iadev.net]
2021-06-03 16:35:07,753 p=570468 u=wgercken n=ansible | ok: [cl1-infra1.iadev.net]
2021-06-03 16:35:08,647 p=570468 u=wgercken n=ansible | ok: [cl1-compute2.iadev.net]
2021-06-03 16:35:08,685 p=570468 u=wgercken n=ansible | ok: [cl1-infra3.iadev.net]
2021-06-03 16:35:08,754 p=570468 u=wgercken n=ansible | ok: [cl1-infra2.iadev.net]
2021-06-03 16:35:09,612 p=570468 u=wgercken n=ansible | ok: [cl1-master.iadev.net]
2021-06-03 16:35:09,627 p=570468 u=wgercken n=ansible | TASK [Disabling Swap on all nodes] ********************************************************************************************************************************************************************
2021-06-03 16:35:10,490 p=570468 u=wgercken n=ansible | changed: [cl1-infra3.iadev.net]
2021-06-03 16:35:10,496 p=570468 u=wgercken n=ansible | changed: [cl1-compute1.iadev.net]
2021-06-03 16:35:10,502 p=570468 u=wgercken n=ansible | changed: [cl1-infra1.iadev.net]
2021-06-03 16:35:10,518 p=570468 u=wgercken n=ansible | changed: [cl1-compute2.iadev.net]
2021-06-03 16:35:10,532 p=570468 u=wgercken n=ansible | changed: [cl1-infra2.iadev.net]
2021-06-03 16:35:11,085 p=570468 u=wgercken n=ansible | changed: [cl1-master.iadev.net]
2021-06-03 16:35:11,099 p=570468 u=wgercken n=ansible | TASK [Commenting Swap entries in /etc/fstab] **********************************************************************************************************************************************************
2021-06-03 16:35:11,969 p=570468 u=wgercken n=ansible | ok: [cl1-infra2.iadev.net]
2021-06-03 16:35:11,972 p=570468 u=wgercken n=ansible | ok: [cl1-infra3.iadev.net]
2021-06-03 16:35:11,973 p=570468 u=wgercken n=ansible | ok: [cl1-infra1.iadev.net]
2021-06-03 16:35:12,003 p=570468 u=wgercken n=ansible | ok: [cl1-compute2.iadev.net]
2021-06-03 16:35:12,023 p=570468 u=wgercken n=ansible | ok: [cl1-compute1.iadev.net]
2021-06-03 16:35:12,512 p=570468 u=wgercken n=ansible | ok: [cl1-master.iadev.net]
2021-06-03 16:35:12,525 p=570468 u=wgercken n=ansible | TASK [Add IPs to /etc/hosts on master and workers] ****************************************************************************************************************************************************
2021-06-03 16:35:17,205 p=570468 u=wgercken n=ansible | ok: [cl1-compute2.iadev.net] => (item=cl1-compute1.iadev.net)
2021-06-03 16:35:17,207 p=570468 u=wgercken n=ansible | ok: [cl1-infra1.iadev.net] => (item=cl1-compute1.iadev.net)
2021-06-03 16:35:17,209 p=570468 u=wgercken n=ansible | ok: [cl1-infra3.iadev.net] => (item=cl1-compute1.iadev.net)
2021-06-03 16:35:17,210 p=570468 u=wgercken n=ansible | ok: [cl1-compute1.iadev.net] => (item=cl1-compute1.iadev.net)
2021-06-03 16:35:17,212 p=570468 u=wgercken n=ansible | ok: [cl1-infra2.iadev.net] => (item=cl1-compute1.iadev.net)
2021-06-03 16:35:17,213 p=570468 u=wgercken n=ansible | ok: [cl1-infra2.iadev.net] => (item=cl1-compute2.iadev.net)
2021-06-03 16:35:17,214 p=570468 u=wgercken n=ansible | ok: [cl1-compute2.iadev.net] => (item=cl1-compute2.iadev.net)
2021-06-03 16:35:17,215 p=570468 u=wgercken n=ansible | ok: [cl1-infra1.iadev.net] => (item=cl1-compute2.iadev.net)
2021-06-03 16:35:17,216 p=570468 u=wgercken n=ansible | ok: [cl1-compute1.iadev.net] => (item=cl1-compute2.iadev.net)
2021-06-03 16:35:17,217 p=570468 u=wgercken n=ansible | ok: [cl1-infra3.iadev.net] => (item=cl1-compute2.iadev.net)
2021-06-03 16:35:17,218 p=570468 u=wgercken n=ansible | ok: [cl1-compute1.iadev.net] => (item=cl1-infra1.iadev.net)
2021-06-03 16:35:17,218 p=570468 u=wgercken n=ansible | ok: [cl1-infra2.iadev.net] => (item=cl1-infra1.iadev.net)
2021-06-03 16:35:17,219 p=570468 u=wgercken n=ansible | ok: [cl1-compute2.iadev.net] => (item=cl1-infra1.iadev.net)
2021-06-03 16:35:17,220 p=570468 u=wgercken n=ansible | ok: [cl1-infra1.iadev.net] => (item=cl1-infra1.iadev.net)
2021-06-03 16:35:17,221 p=570468 u=wgercken n=ansible | ok: [cl1-infra3.iadev.net] => (item=cl1-infra1.iadev.net)
2021-06-03 16:35:17,221 p=570468 u=wgercken n=ansible | ok: [cl1-compute1.iadev.net] => (item=cl1-infra2.iadev.net)
2021-06-03 16:35:17,222 p=570468 u=wgercken n=ansible | ok: [cl1-infra2.iadev.net] => (item=cl1-infra2.iadev.net)
2021-06-03 16:35:17,223 p=570468 u=wgercken n=ansible | ok: [cl1-infra1.iadev.net] => (item=cl1-infra2.iadev.net)
2021-06-03 16:35:17,224 p=570468 u=wgercken n=ansible | ok: [cl1-compute2.iadev.net] => (item=cl1-infra2.iadev.net)
2021-06-03 16:35:17,225 p=570468 u=wgercken n=ansible | ok: [cl1-infra3.iadev.net] => (item=cl1-infra2.iadev.net)
2021-06-03 16:35:17,226 p=570468 u=wgercken n=ansible | ok: [cl1-infra2.iadev.net] => (item=cl1-infra3.iadev.net)
2021-06-03 16:35:17,226 p=570468 u=wgercken n=ansible | ok: [cl1-compute1.iadev.net] => (item=cl1-infra3.iadev.net)
2021-06-03 16:35:17,227 p=570468 u=wgercken n=ansible | ok: [cl1-infra1.iadev.net] => (item=cl1-infra3.iadev.net)
2021-06-03 16:35:17,228 p=570468 u=wgercken n=ansible | ok: [cl1-compute2.iadev.net] => (item=cl1-infra3.iadev.net)
2021-06-03 16:35:17,229 p=570468 u=wgercken n=ansible | ok: [cl1-infra3.iadev.net] => (item=cl1-infra3.iadev.net)
2021-06-03 16:35:17,229 p=570468 u=wgercken n=ansible | ok: [cl1-infra2.iadev.net] => (item=cl1-master.iadev.net)
2021-06-03 16:35:17,257 p=570468 u=wgercken n=ansible | ok: [cl1-compute1.iadev.net] => (item=cl1-master.iadev.net)
2021-06-03 16:35:17,309 p=570468 u=wgercken n=ansible | ok: [cl1-infra1.iadev.net] => (item=cl1-master.iadev.net)
2021-06-03 16:35:17,410 p=570468 u=wgercken n=ansible | ok: [cl1-compute2.iadev.net] => (item=cl1-master.iadev.net)
2021-06-03 16:35:17,428 p=570468 u=wgercken n=ansible | ok: [cl1-infra3.iadev.net] => (item=cl1-master.iadev.net)
2021-06-03 16:35:17,889 p=570468 u=wgercken n=ansible | ok: [cl1-master.iadev.net] => (item=cl1-compute1.iadev.net)
2021-06-03 16:35:18,499 p=570468 u=wgercken n=ansible | ok: [cl1-master.iadev.net] => (item=cl1-compute2.iadev.net)
2021-06-03 16:35:19,092 p=570468 u=wgercken n=ansible | ok: [cl1-master.iadev.net] => (item=cl1-infra1.iadev.net)
2021-06-03 16:35:19,680 p=570468 u=wgercken n=ansible | ok: [cl1-master.iadev.net] => (item=cl1-infra2.iadev.net)
2021-06-03 16:35:20,400 p=570468 u=wgercken n=ansible | ok: [cl1-master.iadev.net] => (item=cl1-infra3.iadev.net)
2021-06-03 16:35:21,056 p=570468 u=wgercken n=ansible | ok: [cl1-master.iadev.net] => (item=cl1-master.iadev.net)
2021-06-03 16:35:21,068 p=570468 u=wgercken n=ansible | PLAY [all] ********************************************************************************************************************************************************************************************
2021-06-03 16:35:21,087 p=570468 u=wgercken n=ansible | TASK [Gathering Facts] ********************************************************************************************************************************************************************************
2021-06-03 16:35:22,652 p=570468 u=wgercken n=ansible | ok: [cl1-compute2.iadev.net]
2021-06-03 16:35:22,663 p=570468 u=wgercken n=ansible | ok: [cl1-compute1.iadev.net]
2021-06-03 16:35:22,670 p=570468 u=wgercken n=ansible | ok: [cl1-infra1.iadev.net]
2021-06-03 16:35:22,676 p=570468 u=wgercken n=ansible | ok: [cl1-infra2.iadev.net]
2021-06-03 16:35:22,683 p=570468 u=wgercken n=ansible | ok: [cl1-infra3.iadev.net]
2021-06-03 16:35:24,889 p=570468 u=wgercken n=ansible | ok: [cl1-master.iadev.net]
2021-06-03 16:35:24,905 p=570468 u=wgercken n=ansible | TASK [Creating a repository file for Kubernetes] ******************************************************************************************************************************************************
2021-06-03 16:35:25,976 p=570468 u=wgercken n=ansible | changed: [cl1-compute2.iadev.net]
2021-06-03 16:35:25,998 p=570468 u=wgercken n=ansible | changed: [cl1-compute1.iadev.net]
2021-06-03 16:35:26,013 p=570468 u=wgercken n=ansible | changed: [cl1-infra1.iadev.net]
2021-06-03 16:35:26,015 p=570468 u=wgercken n=ansible | changed: [cl1-infra3.iadev.net]
2021-06-03 16:35:26,017 p=570468 u=wgercken n=ansible | changed: [cl1-infra2.iadev.net]
2021-06-03 16:35:26,572 p=570468 u=wgercken n=ansible | changed: [cl1-master.iadev.net]
2021-06-03 16:35:26,586 p=570468 u=wgercken n=ansible | TASK [Adding repository details in Kubernetes repo file.] *********************************************************************************************************************************************
2021-06-03 16:35:27,523 p=570468 u=wgercken n=ansible | ok: [cl1-compute1.iadev.net]
2021-06-03 16:35:27,536 p=570468 u=wgercken n=ansible | ok: [cl1-compute2.iadev.net]
2021-06-03 16:35:27,538 p=570468 u=wgercken n=ansible | ok: [cl1-infra1.iadev.net]
2021-06-03 16:35:27,540 p=570468 u=wgercken n=ansible | ok: [cl1-infra2.iadev.net]
2021-06-03 16:35:27,555 p=570468 u=wgercken n=ansible | ok: [cl1-infra3.iadev.net]
2021-06-03 16:35:28,126 p=570468 u=wgercken n=ansible | ok: [cl1-master.iadev.net]
2021-06-03 16:35:28,141 p=570468 u=wgercken n=ansible | TASK [Update repos.] **********************************************************************************************************************************************************************************
2021-06-03 16:35:48,465 p=570468 u=wgercken n=ansible | fatal: [cl1-compute2.iadev.net]: FAILED! => {"changed": true, "cmd": "/usr/bin/yum clean all\n/usr/bin/yum update -y\n", "delta": "0:00:19.592588", "end": "2021-06-03 16:35:47.505479", "msg": "non-zero return code", "rc": 1, "start": "2021-06-03 16:35:27.912891", "stderr": "Errors during downloading metadata for repository 'kubernetes':\n  - Curl error (7): Couldn't connect to server for https://packages.cloud.google.com/yum/repos/kubernetes-el7-x86_64/repodata/repomd.xml [Failed to connect to packages.cloud.google.com port 443: No route to host]\nError: Failed to download metadata for repo 'kubernetes': Cannot download repomd.xml: Cannot download repodata/repomd.xml: All mirrors were tried", "stderr_lines": ["Errors during downloading metadata for repository 'kubernetes':", "  - Curl error (7): Couldn't connect to server for https://packages.cloud.google.com/yum/repos/kubernetes-el7-x86_64/repodata/repomd.xml [Failed to connect to packages.cloud.google.com port 443: No route to host]", "Error: Failed to download metadata for repo 'kubernetes': Cannot download repomd.xml: Cannot download repodata/repomd.xml: All mirrors were tried"], "stdout": "Updating Subscription Management repositories.\n17 files removed\nUpdating Subscription Management repositories.\nKubernetes                                      0.0  B/s |   0  B     00:10    ", "stdout_lines": ["Updating Subscription Management repositories.", "17 files removed", "Updating Subscription Management repositories.", "Kubernetes                                      0.0  B/s |   0  B     00:10    "]}
2021-06-03 16:35:50,185 p=570468 u=wgercken n=ansible | fatal: [cl1-infra1.iadev.net]: FAILED! => {"changed": true, "cmd": "/usr/bin/yum clean all\n/usr/bin/yum update -y\n", "delta": "0:00:21.279225", "end": "2021-06-03 16:35:49.356497", "msg": "non-zero return code", "rc": 1, "start": "2021-06-03 16:35:28.077272", "stderr": "Errors during downloading metadata for repository 'kubernetes':\n  - Curl error (7): Couldn't connect to server for https://packages.cloud.google.com/yum/repos/kubernetes-el7-x86_64/repodata/repomd.xml [Failed to connect to packages.cloud.google.com port 443: No route to host]\nError: Failed to download metadata for repo 'kubernetes': Cannot download repomd.xml: Cannot download repodata/repomd.xml: All mirrors were tried", "stderr_lines": ["Errors during downloading metadata for repository 'kubernetes':", "  - Curl error (7): Couldn't connect to server for https://packages.cloud.google.com/yum/repos/kubernetes-el7-x86_64/repodata/repomd.xml [Failed to connect to packages.cloud.google.com port 443: No route to host]", "Error: Failed to download metadata for repo 'kubernetes': Cannot download repomd.xml: Cannot download repodata/repomd.xml: All mirrors were tried"], "stdout": "Updating Subscription Management repositories.\n17 files removed\nUpdating Subscription Management repositories.\nKubernetes                                      0.0  B/s |   0  B     00:12    ", "stdout_lines": ["Updating Subscription Management repositories.", "17 files removed", "Updating Subscription Management repositories.", "Kubernetes                                      0.0  B/s |   0  B     00:12    "]}
2021-06-03 16:35:50,229 p=570468 u=wgercken n=ansible | fatal: [cl1-compute1.iadev.net]: FAILED! => {"changed": true, "cmd": "/usr/bin/yum clean all\n/usr/bin/yum update -y\n", "delta": "0:00:21.400400", "end": "2021-06-03 16:35:50.179053", "msg": "non-zero return code", "rc": 1, "start": "2021-06-03 16:35:28.778653", "stderr": "Errors during downloading metadata for repository 'kubernetes':\n  - Curl error (7): Couldn't connect to server for https://packages.cloud.google.com/yum/repos/kubernetes-el7-x86_64/repodata/repomd.xml [Failed to connect to packages.cloud.google.com port 443: No route to host]\nError: Failed to download metadata for repo 'kubernetes': Cannot download repomd.xml: Cannot download repodata/repomd.xml: All mirrors were tried", "stderr_lines": ["Errors during downloading metadata for repository 'kubernetes':", "  - Curl error (7): Couldn't connect to server for https://packages.cloud.google.com/yum/repos/kubernetes-el7-x86_64/repodata/repomd.xml [Failed to connect to packages.cloud.google.com port 443: No route to host]", "Error: Failed to download metadata for repo 'kubernetes': Cannot download repomd.xml: Cannot download repodata/repomd.xml: All mirrors were tried"], "stdout": "Updating Subscription Management repositories.\n17 files removed\nUpdating Subscription Management repositories.\nKubernetes                                      0.0  B/s |   0  B     00:12    ", "stdout_lines": ["Updating Subscription Management repositories.", "17 files removed", "Updating Subscription Management repositories.", "Kubernetes                                      0.0  B/s |   0  B     00:12    "]}
2021-06-03 16:35:50,277 p=570468 u=wgercken n=ansible | fatal: [cl1-infra2.iadev.net]: FAILED! => {"changed": true, "cmd": "/usr/bin/yum clean all\n/usr/bin/yum update -y\n", "delta": "0:00:21.410531", "end": "2021-06-03 16:35:49.313192", "msg": "non-zero return code", "rc": 1, "start": "2021-06-03 16:35:27.902661", "stderr": "Errors during downloading metadata for repository 'kubernetes':\n  - Curl error (7): Couldn't connect to server for https://packages.cloud.google.com/yum/repos/kubernetes-el7-x86_64/repodata/repomd.xml [Failed to connect to packages.cloud.google.com port 443: No route to host]\nError: Failed to download metadata for repo 'kubernetes': Cannot download repomd.xml: Cannot download repodata/repomd.xml: All mirrors were tried", "stderr_lines": ["Errors during downloading metadata for repository 'kubernetes':", "  - Curl error (7): Couldn't connect to server for https://packages.cloud.google.com/yum/repos/kubernetes-el7-x86_64/repodata/repomd.xml [Failed to connect to packages.cloud.google.com port 443: No route to host]", "Error: Failed to download metadata for repo 'kubernetes': Cannot download repomd.xml: Cannot download repodata/repomd.xml: All mirrors were tried"], "stdout": "Updating Subscription Management repositories.\n17 files removed\nUpdating Subscription Management repositories.\nKubernetes                                      0.0  B/s |   0  B     00:12    ", "stdout_lines": ["Updating Subscription Management repositories.", "17 files removed", "Updating Subscription Management repositories.", "Kubernetes                                      0.0  B/s |   0  B     00:12    "]}
2021-06-03 16:35:50,329 p=570468 u=wgercken n=ansible | fatal: [cl1-infra3.iadev.net]: FAILED! => {"changed": true, "cmd": "/usr/bin/yum clean all\n/usr/bin/yum update -y\n", "delta": "0:00:21.490766", "end": "2021-06-03 16:35:49.637959", "msg": "non-zero return code", "rc": 1, "start": "2021-06-03 16:35:28.147193", "stderr": "Errors during downloading metadata for repository 'kubernetes':\n  - Curl error (7): Couldn't connect to server for https://packages.cloud.google.com/yum/repos/kubernetes-el7-x86_64/repodata/repomd.xml [Failed to connect to packages.cloud.google.com port 443: No route to host]\nError: Failed to download metadata for repo 'kubernetes': Cannot download repomd.xml: Cannot download repodata/repomd.xml: All mirrors were tried", "stderr_lines": ["Errors during downloading metadata for repository 'kubernetes':", "  - Curl error (7): Couldn't connect to server for https://packages.cloud.google.com/yum/repos/kubernetes-el7-x86_64/repodata/repomd.xml [Failed to connect to packages.cloud.google.com port 443: No route to host]", "Error: Failed to download metadata for repo 'kubernetes': Cannot download repomd.xml: Cannot download repodata/repomd.xml: All mirrors were tried"], "stdout": "Updating Subscription Management repositories.\n17 files removed\nUpdating Subscription Management repositories.\nKubernetes                                      0.0  B/s |   0  B     00:12    ", "stdout_lines": ["Updating Subscription Management repositories.", "17 files removed", "Updating Subscription Management repositories.", "Kubernetes                                      0.0  B/s |   0  B     00:12    "]}
2021-06-03 16:36:08,841 p=570468 u=wgercken n=ansible | fatal: [cl1-master.iadev.net]: FAILED! => {"changed": true, "cmd": "/usr/bin/yum clean all\n/usr/bin/yum update -y\n", "delta": "0:00:19.759721", "end": "2021-06-03 16:36:08.142482", "msg": "non-zero return code", "rc": 1, "start": "2021-06-03 16:35:48.382761", "stderr": "Errors during downloading metadata for repository 'kubernetes':\n  - Curl error (7): Couldn't connect to server for https://packages.cloud.google.com/yum/repos/kubernetes-el7-x86_64/repodata/repomd.xml [Failed to connect to packages.cloud.google.com port 443: No route to host]\nError: Failed to download metadata for repo 'kubernetes': Cannot download repomd.xml: Cannot download repodata/repomd.xml: All mirrors were tried", "stderr_lines": ["Errors during downloading metadata for repository 'kubernetes':", "  - Curl error (7): Couldn't connect to server for https://packages.cloud.google.com/yum/repos/kubernetes-el7-x86_64/repodata/repomd.xml [Failed to connect to packages.cloud.google.com port 443: No route to host]", "Error: Failed to download metadata for repo 'kubernetes': Cannot download repomd.xml: Cannot download repodata/repomd.xml: All mirrors were tried"], "stdout": "Updating Subscription Management repositories.\n17 files removed\nUpdating Subscription Management repositories.\nKubernetes                                      0.0  B/s |   0  B     00:11    ", "stdout_lines": ["Updating Subscription Management repositories.", "17 files removed", "Updating Subscription Management repositories.", "Kubernetes                                      0.0  B/s |   0  B     00:11    "]}
2021-06-03 16:36:08,843 p=570468 u=wgercken n=ansible | PLAY RECAP ********************************************************************************************************************************************************************************************
2021-06-03 16:36:08,844 p=570468 u=wgercken n=ansible | cl1-compute1.iadev.net     : ok=7    changed=2    unreachable=0    failed=1    skipped=0    rescued=0    ignored=0   
2021-06-03 16:36:08,844 p=570468 u=wgercken n=ansible | cl1-compute2.iadev.net     : ok=7    changed=2    unreachable=0    failed=1    skipped=0    rescued=0    ignored=0   
2021-06-03 16:36:08,844 p=570468 u=wgercken n=ansible | cl1-infra1.iadev.net       : ok=7    changed=2    unreachable=0    failed=1    skipped=0    rescued=0    ignored=0   
2021-06-03 16:36:08,844 p=570468 u=wgercken n=ansible | cl1-infra2.iadev.net       : ok=7    changed=2    unreachable=0    failed=1    skipped=0    rescued=0    ignored=0   
2021-06-03 16:36:08,844 p=570468 u=wgercken n=ansible | cl1-infra3.iadev.net       : ok=7    changed=2    unreachable=0    failed=1    skipped=0    rescued=0    ignored=0   
2021-06-03 16:36:08,845 p=570468 u=wgercken n=ansible | cl1-master.iadev.net       : ok=7    changed=2    unreachable=0    failed=1    skipped=0    rescued=0    ignored=0   
